<?xml version="1.0" encoding="UTF-8"?>
<!-- Generated by org.testng.reporters.JUnitReportReporter -->
<testsuite hostname="Admin" failures="0" tests="1" name="executionEngine.ExecutionEngine" time="145.786" errors="0" timestamp="2023-06-11T15:53:36 ICT" skipped="0">
  <testcase classname="executionEngine.ExecutionEngine" name="TestScriptSearchPage" time="145.786"/>
  <system-out/>
</testsuite> <!-- executionEngine.ExecutionEngine -->
